CRITICAL - 2021-02-12 08:33:53 --> Call to undefined function form_open()
#0 C:\xampp\htdocs\cifour\system\View\View.php(236): include()
#1 C:\xampp\htdocs\cifour\system\Common.php(1071): CodeIgniter\View\View->render('user/add', Array, true)
#2 C:\xampp\htdocs\cifour\app\Views\layout-green\wrapper.php(222): view('user/add')
#3 C:\xampp\htdocs\cifour\system\View\View.php(236): include('C:\\xampp\\htdocs...')
#4 C:\xampp\htdocs\cifour\system\Common.php(1071): CodeIgniter\View\View->render('layout-green/wr...', Array, true)
#5 C:\xampp\htdocs\cifour\app\Controllers\User.php(35): view('layout-green/wr...', Array)
#6 C:\xampp\htdocs\cifour\system\CodeIgniter.php(910): App\Controllers\User->add()
#7 C:\xampp\htdocs\cifour\system\CodeIgniter.php(398): CodeIgniter\CodeIgniter->runController(Object(App\Controllers\User))
#8 C:\xampp\htdocs\cifour\system\CodeIgniter.php(306): CodeIgniter\CodeIgniter->handleRequest(NULL, Object(Config\Cache), false)
#9 C:\xampp\htdocs\cifour\index.php(45): CodeIgniter\CodeIgniter->run()
#10 {main}
CRITICAL - 2021-02-12 08:38:03 --> Call to undefined function set_value()
#0 C:\xampp\htdocs\cifour\system\View\View.php(236): include()
#1 C:\xampp\htdocs\cifour\system\Common.php(1071): CodeIgniter\View\View->render('user/add', Array, true)
#2 C:\xampp\htdocs\cifour\app\Views\layout-green\wrapper.php(222): view('user/add')
#3 C:\xampp\htdocs\cifour\system\View\View.php(236): include('C:\\xampp\\htdocs...')
#4 C:\xampp\htdocs\cifour\system\Common.php(1071): CodeIgniter\View\View->render('layout-green/wr...', Array, true)
#5 C:\xampp\htdocs\cifour\app\Controllers\User.php(35): view('layout-green/wr...', Array)
#6 C:\xampp\htdocs\cifour\system\CodeIgniter.php(910): App\Controllers\User->add()
#7 C:\xampp\htdocs\cifour\system\CodeIgniter.php(398): CodeIgniter\CodeIgniter->runController(Object(App\Controllers\User))
#8 C:\xampp\htdocs\cifour\system\CodeIgniter.php(306): CodeIgniter\CodeIgniter->handleRequest(NULL, Object(Config\Cache), false)
#9 C:\xampp\htdocs\cifour\index.php(45): CodeIgniter\CodeIgniter->run()
#10 {main}
CRITICAL - 2021-02-12 08:38:05 --> Call to undefined function set_value()
#0 C:\xampp\htdocs\cifour\system\View\View.php(236): include()
#1 C:\xampp\htdocs\cifour\system\Common.php(1071): CodeIgniter\View\View->render('user/add', Array, true)
#2 C:\xampp\htdocs\cifour\app\Views\layout-green\wrapper.php(222): view('user/add')
#3 C:\xampp\htdocs\cifour\system\View\View.php(236): include('C:\\xampp\\htdocs...')
#4 C:\xampp\htdocs\cifour\system\Common.php(1071): CodeIgniter\View\View->render('layout-green/wr...', Array, true)
#5 C:\xampp\htdocs\cifour\app\Controllers\User.php(35): view('layout-green/wr...', Array)
#6 C:\xampp\htdocs\cifour\system\CodeIgniter.php(910): App\Controllers\User->add()
#7 C:\xampp\htdocs\cifour\system\CodeIgniter.php(398): CodeIgniter\CodeIgniter->runController(Object(App\Controllers\User))
#8 C:\xampp\htdocs\cifour\system\CodeIgniter.php(306): CodeIgniter\CodeIgniter->handleRequest(NULL, Object(Config\Cache), false)
#9 C:\xampp\htdocs\cifour\index.php(45): CodeIgniter\CodeIgniter->run()
#10 {main}
CRITICAL - 2021-02-12 08:38:06 --> Call to undefined function set_value()
#0 C:\xampp\htdocs\cifour\system\View\View.php(236): include()
#1 C:\xampp\htdocs\cifour\system\Common.php(1071): CodeIgniter\View\View->render('user/add', Array, true)
#2 C:\xampp\htdocs\cifour\app\Views\layout-green\wrapper.php(222): view('user/add')
#3 C:\xampp\htdocs\cifour\system\View\View.php(236): include('C:\\xampp\\htdocs...')
#4 C:\xampp\htdocs\cifour\system\Common.php(1071): CodeIgniter\View\View->render('layout-green/wr...', Array, true)
#5 C:\xampp\htdocs\cifour\app\Controllers\User.php(35): view('layout-green/wr...', Array)
#6 C:\xampp\htdocs\cifour\system\CodeIgniter.php(910): App\Controllers\User->add()
#7 C:\xampp\htdocs\cifour\system\CodeIgniter.php(398): CodeIgniter\CodeIgniter->runController(Object(App\Controllers\User))
#8 C:\xampp\htdocs\cifour\system\CodeIgniter.php(306): CodeIgniter\CodeIgniter->handleRequest(NULL, Object(Config\Cache), false)
#9 C:\xampp\htdocs\cifour\index.php(45): CodeIgniter\CodeIgniter->run()
#10 {main}
CRITICAL - 2021-02-12 08:38:07 --> Call to undefined function set_value()
#0 C:\xampp\htdocs\cifour\system\View\View.php(236): include()
#1 C:\xampp\htdocs\cifour\system\Common.php(1071): CodeIgniter\View\View->render('user/add', Array, true)
#2 C:\xampp\htdocs\cifour\app\Views\layout-green\wrapper.php(222): view('user/add')
#3 C:\xampp\htdocs\cifour\system\View\View.php(236): include('C:\\xampp\\htdocs...')
#4 C:\xampp\htdocs\cifour\system\Common.php(1071): CodeIgniter\View\View->render('layout-green/wr...', Array, true)
#5 C:\xampp\htdocs\cifour\app\Controllers\User.php(35): view('layout-green/wr...', Array)
#6 C:\xampp\htdocs\cifour\system\CodeIgniter.php(910): App\Controllers\User->add()
#7 C:\xampp\htdocs\cifour\system\CodeIgniter.php(398): CodeIgniter\CodeIgniter->runController(Object(App\Controllers\User))
#8 C:\xampp\htdocs\cifour\system\CodeIgniter.php(306): CodeIgniter\CodeIgniter->handleRequest(NULL, Object(Config\Cache), false)
#9 C:\xampp\htdocs\cifour\index.php(45): CodeIgniter\CodeIgniter->run()
#10 {main}
CRITICAL - 2021-02-12 08:39:45 --> Call to undefined function form_open()
#0 C:\xampp\htdocs\cifour\system\View\View.php(236): include()
#1 C:\xampp\htdocs\cifour\system\Common.php(1071): CodeIgniter\View\View->render('user/add', Array, true)
#2 C:\xampp\htdocs\cifour\app\Views\layout-green\wrapper.php(222): view('user/add')
#3 C:\xampp\htdocs\cifour\system\View\View.php(236): include('C:\\xampp\\htdocs...')
#4 C:\xampp\htdocs\cifour\system\Common.php(1071): CodeIgniter\View\View->render('layout-green/wr...', Array, true)
#5 C:\xampp\htdocs\cifour\app\Controllers\User.php(35): view('layout-green/wr...', Array)
#6 C:\xampp\htdocs\cifour\system\CodeIgniter.php(910): App\Controllers\User->tambah()
#7 C:\xampp\htdocs\cifour\system\CodeIgniter.php(398): CodeIgniter\CodeIgniter->runController(Object(App\Controllers\User))
#8 C:\xampp\htdocs\cifour\system\CodeIgniter.php(306): CodeIgniter\CodeIgniter->handleRequest(NULL, Object(Config\Cache), false)
#9 C:\xampp\htdocs\cifour\index.php(45): CodeIgniter\CodeIgniter->run()
#10 {main}
CRITICAL - 2021-02-12 08:43:02 --> Call to undefined function form_open()
#0 C:\xampp\htdocs\cifour\system\View\View.php(236): include()
#1 C:\xampp\htdocs\cifour\system\Common.php(1071): CodeIgniter\View\View->render('user/add', Array, true)
#2 C:\xampp\htdocs\cifour\app\Views\layout-green\wrapper.php(222): view('user/add')
#3 C:\xampp\htdocs\cifour\system\View\View.php(236): include('C:\\xampp\\htdocs...')
#4 C:\xampp\htdocs\cifour\system\Common.php(1071): CodeIgniter\View\View->render('layout-green/wr...', Array, true)
#5 C:\xampp\htdocs\cifour\app\Controllers\User.php(35): view('layout-green/wr...', Array)
#6 C:\xampp\htdocs\cifour\system\CodeIgniter.php(910): App\Controllers\User->add()
#7 C:\xampp\htdocs\cifour\system\CodeIgniter.php(398): CodeIgniter\CodeIgniter->runController(Object(App\Controllers\User))
#8 C:\xampp\htdocs\cifour\system\CodeIgniter.php(306): CodeIgniter\CodeIgniter->handleRequest(NULL, Object(Config\Cache), false)
#9 C:\xampp\htdocs\cifour\index.php(45): CodeIgniter\CodeIgniter->run()
#10 {main}
CRITICAL - 2021-02-12 08:43:04 --> Call to undefined function form_open()
#0 C:\xampp\htdocs\cifour\system\View\View.php(236): include()
#1 C:\xampp\htdocs\cifour\system\Common.php(1071): CodeIgniter\View\View->render('user/add', Array, true)
#2 C:\xampp\htdocs\cifour\app\Views\layout-green\wrapper.php(222): view('user/add')
#3 C:\xampp\htdocs\cifour\system\View\View.php(236): include('C:\\xampp\\htdocs...')
#4 C:\xampp\htdocs\cifour\system\Common.php(1071): CodeIgniter\View\View->render('layout-green/wr...', Array, true)
#5 C:\xampp\htdocs\cifour\app\Controllers\User.php(35): view('layout-green/wr...', Array)
#6 C:\xampp\htdocs\cifour\system\CodeIgniter.php(910): App\Controllers\User->add()
#7 C:\xampp\htdocs\cifour\system\CodeIgniter.php(398): CodeIgniter\CodeIgniter->runController(Object(App\Controllers\User))
#8 C:\xampp\htdocs\cifour\system\CodeIgniter.php(306): CodeIgniter\CodeIgniter->handleRequest(NULL, Object(Config\Cache), false)
#9 C:\xampp\htdocs\cifour\index.php(45): CodeIgniter\CodeIgniter->run()
#10 {main}
CRITICAL - 2021-02-12 08:43:59 --> Call to undefined function form_open()
#0 C:\xampp\htdocs\cifour\system\View\View.php(236): include()
#1 C:\xampp\htdocs\cifour\system\Common.php(1071): CodeIgniter\View\View->render('user/add', Array, true)
#2 C:\xampp\htdocs\cifour\app\Views\layout-green\wrapper.php(222): view('user/add')
#3 C:\xampp\htdocs\cifour\system\View\View.php(236): include('C:\\xampp\\htdocs...')
#4 C:\xampp\htdocs\cifour\system\Common.php(1071): CodeIgniter\View\View->render('layout-green/wr...', Array, true)
#5 C:\xampp\htdocs\cifour\app\Controllers\User.php(35): view('layout-green/wr...', Array)
#6 C:\xampp\htdocs\cifour\system\CodeIgniter.php(910): App\Controllers\User->add()
#7 C:\xampp\htdocs\cifour\system\CodeIgniter.php(398): CodeIgniter\CodeIgniter->runController(Object(App\Controllers\User))
#8 C:\xampp\htdocs\cifour\system\CodeIgniter.php(306): CodeIgniter\CodeIgniter->handleRequest(NULL, Object(Config\Cache), false)
#9 C:\xampp\htdocs\cifour\index.php(45): CodeIgniter\CodeIgniter->run()
#10 {main}
CRITICAL - 2021-02-12 08:44:21 --> Call to undefined function form_open()
#0 C:\xampp\htdocs\cifour\system\View\View.php(236): include()
#1 C:\xampp\htdocs\cifour\system\Common.php(1071): CodeIgniter\View\View->render('user/add', Array, true)
#2 C:\xampp\htdocs\cifour\app\Views\layout-green\wrapper.php(222): view('user/add')
#3 C:\xampp\htdocs\cifour\system\View\View.php(236): include('C:\\xampp\\htdocs...')
#4 C:\xampp\htdocs\cifour\system\Common.php(1071): CodeIgniter\View\View->render('layout-green/wr...', Array, true)
#5 C:\xampp\htdocs\cifour\app\Controllers\User.php(35): view('layout-green/wr...', Array)
#6 C:\xampp\htdocs\cifour\system\CodeIgniter.php(910): App\Controllers\User->add()
#7 C:\xampp\htdocs\cifour\system\CodeIgniter.php(398): CodeIgniter\CodeIgniter->runController(Object(App\Controllers\User))
#8 C:\xampp\htdocs\cifour\system\CodeIgniter.php(306): CodeIgniter\CodeIgniter->handleRequest(NULL, Object(Config\Cache), false)
#9 C:\xampp\htdocs\cifour\index.php(45): CodeIgniter\CodeIgniter->run()
#10 {main}
CRITICAL - 2021-02-12 08:46:03 --> Call to undefined function form_open()
#0 C:\xampp\htdocs\cifour\system\View\View.php(236): include()
#1 C:\xampp\htdocs\cifour\system\Common.php(1071): CodeIgniter\View\View->render('user/add', Array, true)
#2 C:\xampp\htdocs\cifour\app\Views\layout-green\wrapper.php(222): view('user/add')
#3 C:\xampp\htdocs\cifour\system\View\View.php(236): include('C:\\xampp\\htdocs...')
#4 C:\xampp\htdocs\cifour\system\Common.php(1071): CodeIgniter\View\View->render('layout-green/wr...', Array, true)
#5 C:\xampp\htdocs\cifour\app\Controllers\User.php(35): view('layout-green/wr...', Array)
#6 C:\xampp\htdocs\cifour\system\CodeIgniter.php(910): App\Controllers\User->add()
#7 C:\xampp\htdocs\cifour\system\CodeIgniter.php(398): CodeIgniter\CodeIgniter->runController(Object(App\Controllers\User))
#8 C:\xampp\htdocs\cifour\system\CodeIgniter.php(306): CodeIgniter\CodeIgniter->handleRequest(NULL, Object(Config\Cache), false)
#9 C:\xampp\htdocs\cifour\index.php(45): CodeIgniter\CodeIgniter->run()
#10 {main}
CRITICAL - 2021-02-12 08:47:11 --> Call to undefined function form_open()
#0 C:\xampp\htdocs\cifour\system\View\View.php(236): include()
#1 C:\xampp\htdocs\cifour\system\Common.php(1071): CodeIgniter\View\View->render('user/add', Array, true)
#2 C:\xampp\htdocs\cifour\app\Views\layout-green\wrapper.php(222): view('user/add')
#3 C:\xampp\htdocs\cifour\system\View\View.php(236): include('C:\\xampp\\htdocs...')
#4 C:\xampp\htdocs\cifour\system\Common.php(1071): CodeIgniter\View\View->render('layout-green/wr...', Array, true)
#5 C:\xampp\htdocs\cifour\app\Controllers\User.php(35): view('layout-green/wr...', Array)
#6 C:\xampp\htdocs\cifour\system\CodeIgniter.php(910): App\Controllers\User->add()
#7 C:\xampp\htdocs\cifour\system\CodeIgniter.php(398): CodeIgniter\CodeIgniter->runController(Object(App\Controllers\User))
#8 C:\xampp\htdocs\cifour\system\CodeIgniter.php(306): CodeIgniter\CodeIgniter->handleRequest(NULL, Object(Config\Cache), false)
#9 C:\xampp\htdocs\cifour\index.php(45): CodeIgniter\CodeIgniter->run()
#10 {main}
CRITICAL - 2021-02-12 08:47:12 --> Call to undefined function form_open()
#0 C:\xampp\htdocs\cifour\system\View\View.php(236): include()
#1 C:\xampp\htdocs\cifour\system\Common.php(1071): CodeIgniter\View\View->render('user/add', Array, true)
#2 C:\xampp\htdocs\cifour\app\Views\layout-green\wrapper.php(222): view('user/add')
#3 C:\xampp\htdocs\cifour\system\View\View.php(236): include('C:\\xampp\\htdocs...')
#4 C:\xampp\htdocs\cifour\system\Common.php(1071): CodeIgniter\View\View->render('layout-green/wr...', Array, true)
#5 C:\xampp\htdocs\cifour\app\Controllers\User.php(35): view('layout-green/wr...', Array)
#6 C:\xampp\htdocs\cifour\system\CodeIgniter.php(910): App\Controllers\User->add()
#7 C:\xampp\htdocs\cifour\system\CodeIgniter.php(398): CodeIgniter\CodeIgniter->runController(Object(App\Controllers\User))
#8 C:\xampp\htdocs\cifour\system\CodeIgniter.php(306): CodeIgniter\CodeIgniter->handleRequest(NULL, Object(Config\Cache), false)
#9 C:\xampp\htdocs\cifour\index.php(45): CodeIgniter\CodeIgniter->run()
#10 {main}
CRITICAL - 2021-02-12 08:48:03 --> Call to undefined function form_open()
#0 C:\xampp\htdocs\cifour\system\View\View.php(236): include()
#1 C:\xampp\htdocs\cifour\system\Common.php(1071): CodeIgniter\View\View->render('user/add', Array, true)
#2 C:\xampp\htdocs\cifour\app\Views\layout-green\wrapper.php(222): view('user/add')
#3 C:\xampp\htdocs\cifour\system\View\View.php(236): include('C:\\xampp\\htdocs...')
#4 C:\xampp\htdocs\cifour\system\Common.php(1071): CodeIgniter\View\View->render('layout-green/wr...', Array, true)
#5 C:\xampp\htdocs\cifour\app\Controllers\User.php(35): view('layout-green/wr...', Array)
#6 C:\xampp\htdocs\cifour\system\CodeIgniter.php(910): App\Controllers\User->add()
#7 C:\xampp\htdocs\cifour\system\CodeIgniter.php(398): CodeIgniter\CodeIgniter->runController(Object(App\Controllers\User))
#8 C:\xampp\htdocs\cifour\system\CodeIgniter.php(306): CodeIgniter\CodeIgniter->handleRequest(NULL, Object(Config\Cache), false)
#9 C:\xampp\htdocs\cifour\index.php(45): CodeIgniter\CodeIgniter->run()
#10 {main}
CRITICAL - 2021-02-12 08:48:04 --> Call to undefined function form_open()
#0 C:\xampp\htdocs\cifour\system\View\View.php(236): include()
#1 C:\xampp\htdocs\cifour\system\Common.php(1071): CodeIgniter\View\View->render('user/add', Array, true)
#2 C:\xampp\htdocs\cifour\app\Views\layout-green\wrapper.php(222): view('user/add')
#3 C:\xampp\htdocs\cifour\system\View\View.php(236): include('C:\\xampp\\htdocs...')
#4 C:\xampp\htdocs\cifour\system\Common.php(1071): CodeIgniter\View\View->render('layout-green/wr...', Array, true)
#5 C:\xampp\htdocs\cifour\app\Controllers\User.php(35): view('layout-green/wr...', Array)
#6 C:\xampp\htdocs\cifour\system\CodeIgniter.php(910): App\Controllers\User->add()
#7 C:\xampp\htdocs\cifour\system\CodeIgniter.php(398): CodeIgniter\CodeIgniter->runController(Object(App\Controllers\User))
#8 C:\xampp\htdocs\cifour\system\CodeIgniter.php(306): CodeIgniter\CodeIgniter->handleRequest(NULL, Object(Config\Cache), false)
#9 C:\xampp\htdocs\cifour\index.php(45): CodeIgniter\CodeIgniter->run()
#10 {main}
CRITICAL - 2021-02-12 08:48:05 --> Call to undefined function form_open()
#0 C:\xampp\htdocs\cifour\system\View\View.php(236): include()
#1 C:\xampp\htdocs\cifour\system\Common.php(1071): CodeIgniter\View\View->render('user/add', Array, true)
#2 C:\xampp\htdocs\cifour\app\Views\layout-green\wrapper.php(222): view('user/add')
#3 C:\xampp\htdocs\cifour\system\View\View.php(236): include('C:\\xampp\\htdocs...')
#4 C:\xampp\htdocs\cifour\system\Common.php(1071): CodeIgniter\View\View->render('layout-green/wr...', Array, true)
#5 C:\xampp\htdocs\cifour\app\Controllers\User.php(35): view('layout-green/wr...', Array)
#6 C:\xampp\htdocs\cifour\system\CodeIgniter.php(910): App\Controllers\User->add()
#7 C:\xampp\htdocs\cifour\system\CodeIgniter.php(398): CodeIgniter\CodeIgniter->runController(Object(App\Controllers\User))
#8 C:\xampp\htdocs\cifour\system\CodeIgniter.php(306): CodeIgniter\CodeIgniter->handleRequest(NULL, Object(Config\Cache), false)
#9 C:\xampp\htdocs\cifour\index.php(45): CodeIgniter\CodeIgniter->run()
#10 {main}
CRITICAL - 2021-02-12 08:48:34 --> Call to undefined function form_open()
#0 C:\xampp\htdocs\cifour\system\View\View.php(236): include()
#1 C:\xampp\htdocs\cifour\system\Common.php(1071): CodeIgniter\View\View->render('user/add', Array, true)
#2 C:\xampp\htdocs\cifour\app\Views\layout-green\wrapper.php(222): view('user/add')
#3 C:\xampp\htdocs\cifour\system\View\View.php(236): include('C:\\xampp\\htdocs...')
#4 C:\xampp\htdocs\cifour\system\Common.php(1071): CodeIgniter\View\View->render('layout-green/wr...', Array, true)
#5 C:\xampp\htdocs\cifour\app\Controllers\User.php(35): view('layout-green/wr...', Array)
#6 C:\xampp\htdocs\cifour\system\CodeIgniter.php(910): App\Controllers\User->add()
#7 C:\xampp\htdocs\cifour\system\CodeIgniter.php(398): CodeIgniter\CodeIgniter->runController(Object(App\Controllers\User))
#8 C:\xampp\htdocs\cifour\system\CodeIgniter.php(306): CodeIgniter\CodeIgniter->handleRequest(NULL, Object(Config\Cache), false)
#9 C:\xampp\htdocs\cifour\index.php(45): CodeIgniter\CodeIgniter->run()
#10 {main}
CRITICAL - 2021-02-12 08:48:35 --> Call to undefined function form_open()
#0 C:\xampp\htdocs\cifour\system\View\View.php(236): include()
#1 C:\xampp\htdocs\cifour\system\Common.php(1071): CodeIgniter\View\View->render('user/add', Array, true)
#2 C:\xampp\htdocs\cifour\app\Views\layout-green\wrapper.php(222): view('user/add')
#3 C:\xampp\htdocs\cifour\system\View\View.php(236): include('C:\\xampp\\htdocs...')
#4 C:\xampp\htdocs\cifour\system\Common.php(1071): CodeIgniter\View\View->render('layout-green/wr...', Array, true)
#5 C:\xampp\htdocs\cifour\app\Controllers\User.php(35): view('layout-green/wr...', Array)
#6 C:\xampp\htdocs\cifour\system\CodeIgniter.php(910): App\Controllers\User->add()
#7 C:\xampp\htdocs\cifour\system\CodeIgniter.php(398): CodeIgniter\CodeIgniter->runController(Object(App\Controllers\User))
#8 C:\xampp\htdocs\cifour\system\CodeIgniter.php(306): CodeIgniter\CodeIgniter->handleRequest(NULL, Object(Config\Cache), false)
#9 C:\xampp\htdocs\cifour\index.php(45): CodeIgniter\CodeIgniter->run()
#10 {main}
CRITICAL - 2021-02-12 08:48:36 --> Call to undefined function form_open()
#0 C:\xampp\htdocs\cifour\system\View\View.php(236): include()
#1 C:\xampp\htdocs\cifour\system\Common.php(1071): CodeIgniter\View\View->render('user/add', Array, true)
#2 C:\xampp\htdocs\cifour\app\Views\layout-green\wrapper.php(222): view('user/add')
#3 C:\xampp\htdocs\cifour\system\View\View.php(236): include('C:\\xampp\\htdocs...')
#4 C:\xampp\htdocs\cifour\system\Common.php(1071): CodeIgniter\View\View->render('layout-green/wr...', Array, true)
#5 C:\xampp\htdocs\cifour\app\Controllers\User.php(35): view('layout-green/wr...', Array)
#6 C:\xampp\htdocs\cifour\system\CodeIgniter.php(910): App\Controllers\User->add()
#7 C:\xampp\htdocs\cifour\system\CodeIgniter.php(398): CodeIgniter\CodeIgniter->runController(Object(App\Controllers\User))
#8 C:\xampp\htdocs\cifour\system\CodeIgniter.php(306): CodeIgniter\CodeIgniter->handleRequest(NULL, Object(Config\Cache), false)
#9 C:\xampp\htdocs\cifour\index.php(45): CodeIgniter\CodeIgniter->run()
#10 {main}
CRITICAL - 2021-02-12 08:48:37 --> Call to undefined function form_open()
#0 C:\xampp\htdocs\cifour\system\View\View.php(236): include()
#1 C:\xampp\htdocs\cifour\system\Common.php(1071): CodeIgniter\View\View->render('user/add', Array, true)
#2 C:\xampp\htdocs\cifour\app\Views\layout-green\wrapper.php(222): view('user/add')
#3 C:\xampp\htdocs\cifour\system\View\View.php(236): include('C:\\xampp\\htdocs...')
#4 C:\xampp\htdocs\cifour\system\Common.php(1071): CodeIgniter\View\View->render('layout-green/wr...', Array, true)
#5 C:\xampp\htdocs\cifour\app\Controllers\User.php(35): view('layout-green/wr...', Array)
#6 C:\xampp\htdocs\cifour\system\CodeIgniter.php(910): App\Controllers\User->add()
#7 C:\xampp\htdocs\cifour\system\CodeIgniter.php(398): CodeIgniter\CodeIgniter->runController(Object(App\Controllers\User))
#8 C:\xampp\htdocs\cifour\system\CodeIgniter.php(306): CodeIgniter\CodeIgniter->handleRequest(NULL, Object(Config\Cache), false)
#9 C:\xampp\htdocs\cifour\index.php(45): CodeIgniter\CodeIgniter->run()
#10 {main}
CRITICAL - 2021-02-12 08:49:55 --> Call to undefined function form_open()
#0 C:\xampp\htdocs\cifour\system\View\View.php(236): include()
#1 C:\xampp\htdocs\cifour\system\Common.php(1071): CodeIgniter\View\View->render('user/add', Array, true)
#2 C:\xampp\htdocs\cifour\app\Views\layout-green\wrapper.php(222): view('user/add')
#3 C:\xampp\htdocs\cifour\system\View\View.php(236): include('C:\\xampp\\htdocs...')
#4 C:\xampp\htdocs\cifour\system\Common.php(1071): CodeIgniter\View\View->render('layout-green/wr...', Array, true)
#5 C:\xampp\htdocs\cifour\app\Controllers\User.php(35): view('layout-green/wr...', Array)
#6 C:\xampp\htdocs\cifour\system\CodeIgniter.php(910): App\Controllers\User->add()
#7 C:\xampp\htdocs\cifour\system\CodeIgniter.php(398): CodeIgniter\CodeIgniter->runController(Object(App\Controllers\User))
#8 C:\xampp\htdocs\cifour\system\CodeIgniter.php(306): CodeIgniter\CodeIgniter->handleRequest(NULL, Object(Config\Cache), false)
#9 C:\xampp\htdocs\cifour\index.php(45): CodeIgniter\CodeIgniter->run()
#10 {main}
CRITICAL - 2021-02-12 08:50:31 --> Call to undefined function set_value()
#0 C:\xampp\htdocs\cifour\system\View\View.php(236): include()
#1 C:\xampp\htdocs\cifour\system\Common.php(1071): CodeIgniter\View\View->render('user/add', Array, true)
#2 C:\xampp\htdocs\cifour\app\Views\layout-green\wrapper.php(222): view('user/add')
#3 C:\xampp\htdocs\cifour\system\View\View.php(236): include('C:\\xampp\\htdocs...')
#4 C:\xampp\htdocs\cifour\system\Common.php(1071): CodeIgniter\View\View->render('layout-green/wr...', Array, true)
#5 C:\xampp\htdocs\cifour\app\Controllers\User.php(35): view('layout-green/wr...', Array)
#6 C:\xampp\htdocs\cifour\system\CodeIgniter.php(910): App\Controllers\User->add()
#7 C:\xampp\htdocs\cifour\system\CodeIgniter.php(398): CodeIgniter\CodeIgniter->runController(Object(App\Controllers\User))
#8 C:\xampp\htdocs\cifour\system\CodeIgniter.php(306): CodeIgniter\CodeIgniter->handleRequest(NULL, Object(Config\Cache), false)
#9 C:\xampp\htdocs\cifour\index.php(45): CodeIgniter\CodeIgniter->run()
#10 {main}
CRITICAL - 2021-02-12 08:51:53 --> Call to undefined function form_open()
#0 C:\xampp\htdocs\cifour\system\View\View.php(236): include()
#1 C:\xampp\htdocs\cifour\system\Common.php(1071): CodeIgniter\View\View->render('user/add', Array, true)
#2 C:\xampp\htdocs\cifour\app\Views\layout-green\wrapper.php(222): view('user/add')
#3 C:\xampp\htdocs\cifour\system\View\View.php(236): include('C:\\xampp\\htdocs...')
#4 C:\xampp\htdocs\cifour\system\Common.php(1071): CodeIgniter\View\View->render('layout-green/wr...', Array, true)
#5 C:\xampp\htdocs\cifour\app\Controllers\User.php(35): view('layout-green/wr...', Array)
#6 C:\xampp\htdocs\cifour\system\CodeIgniter.php(910): App\Controllers\User->add()
#7 C:\xampp\htdocs\cifour\system\CodeIgniter.php(398): CodeIgniter\CodeIgniter->runController(Object(App\Controllers\User))
#8 C:\xampp\htdocs\cifour\system\CodeIgniter.php(306): CodeIgniter\CodeIgniter->handleRequest(NULL, Object(Config\Cache), false)
#9 C:\xampp\htdocs\cifour\index.php(45): CodeIgniter\CodeIgniter->run()
#10 {main}
CRITICAL - 2021-02-12 08:51:55 --> Call to undefined function form_open()
#0 C:\xampp\htdocs\cifour\system\View\View.php(236): include()
#1 C:\xampp\htdocs\cifour\system\Common.php(1071): CodeIgniter\View\View->render('user/add', Array, true)
#2 C:\xampp\htdocs\cifour\app\Views\layout-green\wrapper.php(222): view('user/add')
#3 C:\xampp\htdocs\cifour\system\View\View.php(236): include('C:\\xampp\\htdocs...')
#4 C:\xampp\htdocs\cifour\system\Common.php(1071): CodeIgniter\View\View->render('layout-green/wr...', Array, true)
#5 C:\xampp\htdocs\cifour\app\Controllers\User.php(35): view('layout-green/wr...', Array)
#6 C:\xampp\htdocs\cifour\system\CodeIgniter.php(910): App\Controllers\User->add()
#7 C:\xampp\htdocs\cifour\system\CodeIgniter.php(398): CodeIgniter\CodeIgniter->runController(Object(App\Controllers\User))
#8 C:\xampp\htdocs\cifour\system\CodeIgniter.php(306): CodeIgniter\CodeIgniter->handleRequest(NULL, Object(Config\Cache), false)
#9 C:\xampp\htdocs\cifour\index.php(45): CodeIgniter\CodeIgniter->run()
#10 {main}
CRITICAL - 2021-02-12 08:53:19 --> syntax error, unexpected 'public' (T_PUBLIC)
#0 C:\xampp\htdocs\cifour\system\Router\Router.php(192): CodeIgniter\Router\Router->autoRoute('user/add')
#1 C:\xampp\htdocs\cifour\system\CodeIgniter.php(785): CodeIgniter\Router\Router->handle('user/add')
#2 C:\xampp\htdocs\cifour\system\CodeIgniter.php(358): CodeIgniter\CodeIgniter->tryToRouteIt(Object(CodeIgniter\Router\RouteCollection))
#3 C:\xampp\htdocs\cifour\system\CodeIgniter.php(306): CodeIgniter\CodeIgniter->handleRequest(NULL, Object(Config\Cache), false)
#4 C:\xampp\htdocs\cifour\index.php(45): CodeIgniter\CodeIgniter->run()
#5 {main}
CRITICAL - 2021-02-12 08:53:20 --> syntax error, unexpected 'public' (T_PUBLIC)
#0 C:\xampp\htdocs\cifour\system\Router\Router.php(192): CodeIgniter\Router\Router->autoRoute('user/add')
#1 C:\xampp\htdocs\cifour\system\CodeIgniter.php(785): CodeIgniter\Router\Router->handle('user/add')
#2 C:\xampp\htdocs\cifour\system\CodeIgniter.php(358): CodeIgniter\CodeIgniter->tryToRouteIt(Object(CodeIgniter\Router\RouteCollection))
#3 C:\xampp\htdocs\cifour\system\CodeIgniter.php(306): CodeIgniter\CodeIgniter->handleRequest(NULL, Object(Config\Cache), false)
#4 C:\xampp\htdocs\cifour\index.php(45): CodeIgniter\CodeIgniter->run()
#5 {main}
CRITICAL - 2021-02-12 08:53:50 --> syntax error, unexpected 'public' (T_PUBLIC)
#0 C:\xampp\htdocs\cifour\system\Router\Router.php(192): CodeIgniter\Router\Router->autoRoute('user/add')
#1 C:\xampp\htdocs\cifour\system\CodeIgniter.php(785): CodeIgniter\Router\Router->handle('user/add')
#2 C:\xampp\htdocs\cifour\system\CodeIgniter.php(358): CodeIgniter\CodeIgniter->tryToRouteIt(Object(CodeIgniter\Router\RouteCollection))
#3 C:\xampp\htdocs\cifour\system\CodeIgniter.php(306): CodeIgniter\CodeIgniter->handleRequest(NULL, Object(Config\Cache), false)
#4 C:\xampp\htdocs\cifour\index.php(45): CodeIgniter\CodeIgniter->run()
#5 {main}
CRITICAL - 2021-02-12 08:53:51 --> syntax error, unexpected 'public' (T_PUBLIC)
#0 C:\xampp\htdocs\cifour\system\Router\Router.php(192): CodeIgniter\Router\Router->autoRoute('user/add')
#1 C:\xampp\htdocs\cifour\system\CodeIgniter.php(785): CodeIgniter\Router\Router->handle('user/add')
#2 C:\xampp\htdocs\cifour\system\CodeIgniter.php(358): CodeIgniter\CodeIgniter->tryToRouteIt(Object(CodeIgniter\Router\RouteCollection))
#3 C:\xampp\htdocs\cifour\system\CodeIgniter.php(306): CodeIgniter\CodeIgniter->handleRequest(NULL, Object(Config\Cache), false)
#4 C:\xampp\htdocs\cifour\index.php(45): CodeIgniter\CodeIgniter->run()
#5 {main}
CRITICAL - 2021-02-12 08:53:52 --> syntax error, unexpected 'public' (T_PUBLIC)
#0 C:\xampp\htdocs\cifour\system\Router\Router.php(192): CodeIgniter\Router\Router->autoRoute('user/add')
#1 C:\xampp\htdocs\cifour\system\CodeIgniter.php(785): CodeIgniter\Router\Router->handle('user/add')
#2 C:\xampp\htdocs\cifour\system\CodeIgniter.php(358): CodeIgniter\CodeIgniter->tryToRouteIt(Object(CodeIgniter\Router\RouteCollection))
#3 C:\xampp\htdocs\cifour\system\CodeIgniter.php(306): CodeIgniter\CodeIgniter->handleRequest(NULL, Object(Config\Cache), false)
#4 C:\xampp\htdocs\cifour\index.php(45): CodeIgniter\CodeIgniter->run()
#5 {main}
CRITICAL - 2021-02-12 08:53:53 --> syntax error, unexpected 'public' (T_PUBLIC)
#0 C:\xampp\htdocs\cifour\system\Router\Router.php(192): CodeIgniter\Router\Router->autoRoute('user/add')
#1 C:\xampp\htdocs\cifour\system\CodeIgniter.php(785): CodeIgniter\Router\Router->handle('user/add')
#2 C:\xampp\htdocs\cifour\system\CodeIgniter.php(358): CodeIgniter\CodeIgniter->tryToRouteIt(Object(CodeIgniter\Router\RouteCollection))
#3 C:\xampp\htdocs\cifour\system\CodeIgniter.php(306): CodeIgniter\CodeIgniter->handleRequest(NULL, Object(Config\Cache), false)
#4 C:\xampp\htdocs\cifour\index.php(45): CodeIgniter\CodeIgniter->run()
#5 {main}
CRITICAL - 2021-02-12 08:56:34 --> syntax error, unexpected 'public' (T_PUBLIC)
#0 C:\xampp\htdocs\cifour\system\Router\Router.php(192): CodeIgniter\Router\Router->autoRoute('user/add')
#1 C:\xampp\htdocs\cifour\system\CodeIgniter.php(785): CodeIgniter\Router\Router->handle('user/add')
#2 C:\xampp\htdocs\cifour\system\CodeIgniter.php(358): CodeIgniter\CodeIgniter->tryToRouteIt(Object(CodeIgniter\Router\RouteCollection))
#3 C:\xampp\htdocs\cifour\system\CodeIgniter.php(306): CodeIgniter\CodeIgniter->handleRequest(NULL, Object(Config\Cache), false)
#4 C:\xampp\htdocs\cifour\index.php(45): CodeIgniter\CodeIgniter->run()
#5 {main}
CRITICAL - 2021-02-12 08:56:35 --> syntax error, unexpected 'public' (T_PUBLIC)
#0 C:\xampp\htdocs\cifour\system\Router\Router.php(192): CodeIgniter\Router\Router->autoRoute('user/add')
#1 C:\xampp\htdocs\cifour\system\CodeIgniter.php(785): CodeIgniter\Router\Router->handle('user/add')
#2 C:\xampp\htdocs\cifour\system\CodeIgniter.php(358): CodeIgniter\CodeIgniter->tryToRouteIt(Object(CodeIgniter\Router\RouteCollection))
#3 C:\xampp\htdocs\cifour\system\CodeIgniter.php(306): CodeIgniter\CodeIgniter->handleRequest(NULL, Object(Config\Cache), false)
#4 C:\xampp\htdocs\cifour\index.php(45): CodeIgniter\CodeIgniter->run()
#5 {main}
CRITICAL - 2021-02-12 08:57:04 --> Call to undefined function form_open()
#0 C:\xampp\htdocs\cifour\system\View\View.php(236): include()
#1 C:\xampp\htdocs\cifour\system\Common.php(1071): CodeIgniter\View\View->render('user/add', Array, true)
#2 C:\xampp\htdocs\cifour\app\Views\layout-green\wrapper.php(222): view('user/add')
#3 C:\xampp\htdocs\cifour\system\View\View.php(236): include('C:\\xampp\\htdocs...')
#4 C:\xampp\htdocs\cifour\system\Common.php(1071): CodeIgniter\View\View->render('layout-green/wr...', Array, true)
#5 C:\xampp\htdocs\cifour\app\Controllers\User.php(35): view('layout-green/wr...', Array)
#6 C:\xampp\htdocs\cifour\system\CodeIgniter.php(910): App\Controllers\User->add()
#7 C:\xampp\htdocs\cifour\system\CodeIgniter.php(398): CodeIgniter\CodeIgniter->runController(Object(App\Controllers\User))
#8 C:\xampp\htdocs\cifour\system\CodeIgniter.php(306): CodeIgniter\CodeIgniter->handleRequest(NULL, Object(Config\Cache), false)
#9 C:\xampp\htdocs\cifour\index.php(45): CodeIgniter\CodeIgniter->run()
#10 {main}
CRITICAL - 2021-02-12 08:57:06 --> Call to undefined function form_open()
#0 C:\xampp\htdocs\cifour\system\View\View.php(236): include()
#1 C:\xampp\htdocs\cifour\system\Common.php(1071): CodeIgniter\View\View->render('user/add', Array, true)
#2 C:\xampp\htdocs\cifour\app\Views\layout-green\wrapper.php(222): view('user/add')
#3 C:\xampp\htdocs\cifour\system\View\View.php(236): include('C:\\xampp\\htdocs...')
#4 C:\xampp\htdocs\cifour\system\Common.php(1071): CodeIgniter\View\View->render('layout-green/wr...', Array, true)
#5 C:\xampp\htdocs\cifour\app\Controllers\User.php(35): view('layout-green/wr...', Array)
#6 C:\xampp\htdocs\cifour\system\CodeIgniter.php(910): App\Controllers\User->add()
#7 C:\xampp\htdocs\cifour\system\CodeIgniter.php(398): CodeIgniter\CodeIgniter->runController(Object(App\Controllers\User))
#8 C:\xampp\htdocs\cifour\system\CodeIgniter.php(306): CodeIgniter\CodeIgniter->handleRequest(NULL, Object(Config\Cache), false)
#9 C:\xampp\htdocs\cifour\index.php(45): CodeIgniter\CodeIgniter->run()
#10 {main}
